机型：iPhone 7
系统：10.3.1
app版本：1.2.3
异常信息：,- 2017-04-19 00:18:58 ->[Uncaught Exception]
Name:NSInvalidArgumentException,Reason:-[CustomNavigationController tabBar]: unrecognized selector sent to instance 0x101036400
[Fe Symbols Start]
0   CoreFoundation                      0x0000000183072ff0 <redacted> + 148
1   libobjc.A.dylib                     0x0000000181ad4538 objc_exception_throw + 56
2   CoreFoundation                      0x0000000183079ef4 <redacted> + 0
3   CoreFoundation                      0x0000000183076f4c <redacted> + 916
4   CoreFoundation                      0x0000000182f72d2c _CF_forwarding_prep_0 + 92
5   CanCan                              0x00000001000d1938 CanCan + 55608
6   CanCan                              0x000000010012e1f4 CanCan + 434676
7   CanCan                              0x00000001001ed6ec CanCan + 1218284
8   CanCan                              0x000000010022ac00 CanCan + 1469440
9   CanCan                              0x000000010023df98 CanCan + 1548184
10  libdispatch.dylib                   0x0000000181f2a9e0 <redacted> + 24
11  libdispatch.dylib                   0x0000000181f2a9a0 <redacted> + 16
12  libdispatch.dylib                   0x0000000181f2f3c0 _dispatch_main_queue_callback_4CF + 444
13  CoreFoundation                      0x00000001830210c0 <redacted> + 12
14  CoreFoundation                      0x000000018301ecdc <redacted> + 1572
15  CoreFoundation                      0x0000000182f4ed94 CFRunLoopRunSpecific + 424
16  GraphicsServices                    0x00000001849b8074 GSEventRunModal + 100
17  UIKit                               0x0000000189207130 UIApplicationMain + 208
18  CanCan                              0x000000010016badc CanCan + 686812
19  libdyld.dylib                       0x0000000181f5d59c <redacted> + 4
[Fe Symbols End]
